Started GET "/" for ::1 at 2016-05-29 15:00:18 +0800
  
ActiveRecord::PendingMigrationError (

Migrations are pending. To resolve this issue, run:

	bin/rails db:migrate RAILS_ENV=development

):
  
activerecord (5.0.0.rc1) lib/active_record/migration.rb:572:in `check_pending!'
activerecord (5.0.0.rc1) lib/active_record/migration.rb:548:in `call'
actionpack (5.0.0.rc1) lib/action_dispatch/middleware/callbacks.rb:38:in `block in call'
activesupport (5.0.0.rc1) lib/active_support/callbacks.rb:97:in `__run_callbacks__'
activesupport (5.0.0.rc1) lib/active_support/callbacks.rb:750:in `_run_call_callbacks'
activesupport (5.0.0.rc1) lib/active_support/callbacks.rb:90:in `run_callbacks'
actionpack (5.0.0.rc1) lib/action_dispatch/middleware/callbacks.rb:36:in `call'
actionpack (5.0.0.rc1) lib/action_dispatch/middleware/executor.rb:12:in `call'
actionpack (5.0.0.rc1) lib/action_dispatch/middleware/remote_ip.rb:79:in `call'
actionpack (5.0.0.rc1) lib/action_dispatch/middleware/debug_exceptions.rb:49:in `call'
web-console (3.1.1) lib/web_console/middleware.rb:131:in `call_app'
web-console (3.1.1) lib/web_console/middleware.rb:28:in `block in call'
web-console (3.1.1) lib/web_console/middleware.rb:18:in `catch'
web-console (3.1.1) lib/web_console/middleware.rb:18:in `call'
actionpack (5.0.0.rc1) lib/action_dispatch/middleware/show_exceptions.rb:31:in `call'
railties (5.0.0.rc1) lib/rails/rack/logger.rb:36:in `call_app'
railties (5.0.0.rc1) lib/rails/rack/logger.rb:24:in `block in call'
activesupport (5.0.0.rc1) lib/active_support/tagged_logging.rb:70:in `block in tagged'
activesupport (5.0.0.rc1) lib/active_support/tagged_logging.rb:26:in `tagged'
activesupport (5.0.0.rc1) lib/active_support/tagged_logging.rb:70:in `tagged'
railties (5.0.0.rc1) lib/rails/rack/logger.rb:24:in `call'
actionpack (5.0.0.rc1) lib/action_dispatch/middleware/request_id.rb:24:in `call'
rack (2.0.0.rc1) lib/rack/method_override.rb:22:in `call'
rack (2.0.0.rc1) lib/rack/runtime.rb:22:in `call'
activesupport (5.0.0.rc1) lib/active_support/cache/strategy/local_cache_middleware.rb:28:in `call'
actionpack (5.0.0.rc1) lib/action_dispatch/middleware/executor.rb:12:in `call'
actionpack (5.0.0.rc1) lib/action_dispatch/middleware/static.rb:136:in `call'
rack (2.0.0.rc1) lib/rack/sendfile.rb:111:in `call'
railties (5.0.0.rc1) lib/rails/engine.rb:522:in `call'
puma (3.4.0) lib/puma/configuration.rb:224:in `call'
puma (3.4.0) lib/puma/server.rb:569:in `handle_request'
puma (3.4.0) lib/puma/server.rb:406:in `process_client'
puma (3.4.0) lib/puma/server.rb:271:in `block in run'
puma (3.4.0) lib/puma/thread_pool.rb:114:in `call'
puma (3.4.0) lib/puma/thread_pool.rb:114:in `block in spawn_thread'
  Rendering /Users/kaelilo/.rvm/gems/ruby-2.2.2/gems/actionpack-5.0.0.rc1/lib/action_dispatch/middleware/templates/rescues/diagnostics.html.erb within rescues/layout
  Rendering /Users/kaelilo/.rvm/gems/ruby-2.2.2/gems/actionpack-5.0.0.rc1/lib/action_dispatch/middleware/templates/rescues/_source.html.erb
  Rendered /Users/kaelilo/.rvm/gems/ruby-2.2.2/gems/actionpack-5.0.0.rc1/lib/action_dispatch/middleware/templates/rescues/_source.html.erb (4.0ms)
  Rendering /Users/kaelilo/.rvm/gems/ruby-2.2.2/gems/actionpack-5.0.0.rc1/lib/action_dispatch/middleware/templates/rescues/_trace.html.erb
  Rendered /Users/kaelilo/.rvm/gems/ruby-2.2.2/gems/actionpack-5.0.0.rc1/lib/action_dispatch/middleware/templates/rescues/_trace.html.erb (1.9ms)
  Rendering /Users/kaelilo/.rvm/gems/ruby-2.2.2/gems/actionpack-5.0.0.rc1/lib/action_dispatch/middleware/templates/rescues/_request_and_response.html.erb
  Rendered /Users/kaelilo/.rvm/gems/ruby-2.2.2/gems/actionpack-5.0.0.rc1/lib/action_dispatch/middleware/templates/rescues/_request_and_response.html.erb (1.0ms)
  Rendered /Users/kaelilo/.rvm/gems/ruby-2.2.2/gems/actionpack-5.0.0.rc1/lib/action_dispatch/middleware/templates/rescues/diagnostics.html.erb within rescues/layout (97.2ms)
  Rendering /Users/kaelilo/.rvm/gems/ruby-2.2.2/gems/web-console-3.1.1/lib/web_console/templates/index.html.erb
  Rendered /Users/kaelilo/.rvm/gems/ruby-2.2.2/gems/web-console-3.1.1/lib/web_console/templates/_markup.html.erb (0.5ms)
  Rendering /Users/kaelilo/.rvm/gems/ruby-2.2.2/gems/web-console-3.1.1/lib/web_console/templates/console.js.erb within layouts/javascript
  Rendering /Users/kaelilo/.rvm/gems/ruby-2.2.2/gems/web-console-3.1.1/lib/web_console/templates/_inner_console_markup.html.erb within layouts/inlined_string
  Rendered /Users/kaelilo/.rvm/gems/ruby-2.2.2/gems/web-console-3.1.1/lib/web_console/templates/_inner_console_markup.html.erb within layouts/inlined_string (0.5ms)
  Rendering /Users/kaelilo/.rvm/gems/ruby-2.2.2/gems/web-console-3.1.1/lib/web_console/templates/_prompt_box_markup.html.erb within layouts/inlined_string
  Rendered /Users/kaelilo/.rvm/gems/ruby-2.2.2/gems/web-console-3.1.1/lib/web_console/templates/_prompt_box_markup.html.erb within layouts/inlined_string (0.4ms)
  Rendering /Users/kaelilo/.rvm/gems/ruby-2.2.2/gems/web-console-3.1.1/lib/web_console/templates/style.css.erb within layouts/inlined_string
  Rendered /Users/kaelilo/.rvm/gems/ruby-2.2.2/gems/web-console-3.1.1/lib/web_console/templates/style.css.erb within layouts/inlined_string (0.5ms)
  Rendered /Users/kaelilo/.rvm/gems/ruby-2.2.2/gems/web-console-3.1.1/lib/web_console/templates/console.js.erb within layouts/javascript (90.0ms)
  Rendering /Users/kaelilo/.rvm/gems/ruby-2.2.2/gems/web-console-3.1.1/lib/web_console/templates/main.js.erb within layouts/javascript
  Rendered /Users/kaelilo/.rvm/gems/ruby-2.2.2/gems/web-console-3.1.1/lib/web_console/templates/main.js.erb within layouts/javascript (0.5ms)
  Rendered /Users/kaelilo/.rvm/gems/ruby-2.2.2/gems/web-console-3.1.1/lib/web_console/templates/index.html.erb (166.4ms)
  [1m[35m (1.2ms)[0m  [1m[35mCREATE TABLE "schema_migrations" ("version" varchar NOT NULL PRIMARY KEY)[0m
  [1m[35m (1.1ms)[0m  [1m[35mCREATE TABLE "ar_internal_metadata" ("key" varchar NOT NULL PRIMARY KEY, "value" varchar, "created_at" datetime NOT NULL, "updated_at" datetime NOT NULL)[0m
  [1m[36mActiveRecord::SchemaMigration Load (0.2ms)[0m  [1m[34mSELECT "schema_migrations".* FROM "schema_migrations"[0m
Migrating to CreatePosts (20160529065941)
  [1m[35m (0.1ms)[0m  [1m[36mbegin transaction[0m
  [1m[35m (0.4ms)[0m  [1m[35mCREATE TABLE "posts" ("id" INTEGER PRIMARY KEY AUTOINCREMENT NOT NULL, "title" varchar, "subtitle" varchar, "content" varchar, "author" varchar, "category" varchar, "created_at" datetime NOT NULL, "updated_at" datetime NOT NULL)[0m
  [1m[35mSQL (0.2ms)[0m  [1m[32mINSERT INTO "schema_migrations" ("version") VALUES (?)[0m  [["version", "20160529065941"]]
  [1m[35m (0.9ms)[0m  [1m[36mcommit transaction[0m
  [1m[36mActiveRecord::InternalMetadata Load (0.2ms)[0m  [1m[34mSELECT  "ar_internal_metadata".* FROM "ar_internal_metadata" ORDER BY "ar_internal_metadata"."key" ASC LIMIT ?[0m  [["LIMIT", 1]]
  [1m[35m (0.1ms)[0m  [1m[36mbegin transaction[0m
  [1m[35mSQL (0.3ms)[0m  [1m[32mINSERT INTO "ar_internal_metadata" ("key", "value", "created_at", "updated_at") VALUES (?, ?, ?, ?)[0m  [["key", "environment"], ["value", "development"], ["created_at", 2016-05-29 07:00:58 UTC], ["updated_at", 2016-05-29 07:00:58 UTC]]
  [1m[35m (0.8ms)[0m  [1m[36mcommit transaction[0m
  [1m[36mActiveRecord::SchemaMigration Load (0.1ms)[0m  [1m[34mSELECT "schema_migrations".* FROM "schema_migrations"[0m
Started GET "/" for ::1 at 2016-05-29 15:01:07 +0800
  [1m[36mActiveRecord::SchemaMigration Load (0.2ms)[0m  [1m[34mSELECT "schema_migrations".* FROM "schema_migrations"[0m
Processing by Rails::WelcomeController#index as HTML
  Parameters: {"internal"=>true}
  Rendering /Users/kaelilo/.rvm/gems/ruby-2.2.2/gems/railties-5.0.0.rc1/lib/rails/templates/rails/welcome/index.html.erb
  Rendered /Users/kaelilo/.rvm/gems/ruby-2.2.2/gems/railties-5.0.0.rc1/lib/rails/templates/rails/welcome/index.html.erb (5.2ms)
Completed 200 OK in 26ms (Views: 12.2ms | ActiveRecord: 0.0ms)


Started GET "/posts" for ::1 at 2016-05-29 15:01:12 +0800
Processing by PostsController#index as HTML
  Rendering posts/index.html.erb within layouts/application
  [1m[36mPost Load (0.2ms)[0m  [1m[34mSELECT "posts".* FROM "posts"[0m
  Rendered posts/index.html.erb within layouts/application (6.8ms)
Completed 200 OK in 998ms (Views: 991.4ms | ActiveRecord: 0.6ms)


Started GET "/assets/posts.self-e3b0c44298fc1c149afbf4c8996fb92427ae41e4649b934ca495991b7852b855.css?body=1" for ::1 at 2016-05-29 15:01:13 +0800
Started GET "/assets/scaffolds.self-0895d1e62cab60b517b59c18e03c4f1bf535450491d38019017cf0d2215f28b4.css?body=1" for ::1 at 2016-05-29 15:01:13 +0800
Started GET "/assets/jquery.self-660adc51e0224b731d29f575a6f1ec167ba08ad06ed5deca4f1e8654c135bf4c.js?body=1" for ::1 at 2016-05-29 15:01:13 +0800
Started GET "/assets/application.self-af04b226fd7202dfc532ce7aedb95a0128277937e90d3b3a3d35e1cce9e16886.css?body=1" for ::1 at 2016-05-29 15:01:13 +0800
Started GET "/assets/jquery_ujs.self-e87806d0cf4489aeb1bb7288016024e8de67fd18db693fe026fe3907581e53cd.js?body=1" for ::1 at 2016-05-29 15:01:13 +0800
Started GET "/assets/action_cable.self-97a1acc11db2782c1b61ce874bff887f64e903d3cb2b533eff50fb799c873c70.js?body=1" for ::1 at 2016-05-29 15:01:13 +0800
Started GET "/assets/cable.self-6e0514260c1aa76eaf252412ce74e63f68819fd19bf740595f592c5ba4c36537.js?body=1" for ::1 at 2016-05-29 15:01:13 +0800
Started GET "/assets/posts.self-877aef30ae1b040ab8a3aba4e3e309a11d7f2612f44dde450b5c157aa5f95c05.js?body=1" for ::1 at 2016-05-29 15:01:13 +0800
Started GET "/assets/application.self-b89234cf2659d7fedea75bca0b8d231ad7dfc2f3f57fcbaf5f44ed9dc384137b.js?body=1" for ::1 at 2016-05-29 15:01:13 +0800
Started GET "/assets/turbolinks.self-ff1d37d088bcba87ddd5a9edcbdbf45f1103309d3785dfd2324d668bde626e5d.js?body=1" for ::1 at 2016-05-29 15:01:14 +0800
Started GET "/posts/new" for ::1 at 2016-05-29 15:01:17 +0800
Processing by PostsController#new as HTML
  Rendering posts/new.html.erb within layouts/application
  Rendered posts/_form.html.erb (52.3ms)
  Rendered posts/new.html.erb within layouts/application (60.4ms)
Completed 200 OK in 172ms (Views: 149.0ms | ActiveRecord: 1.2ms)


Started GET "/posts" for ::1 at 2016-05-29 15:06:07 +0800
  [1m[36mActiveRecord::SchemaMigration Load (0.6ms)[0m  [1m[34mSELECT "schema_migrations".* FROM "schema_migrations"[0m
Processing by PostsController#index as HTML
  Rendering posts/index.html.erb within layouts/application
  [1m[36mPost Load (0.5ms)[0m  [1m[34mSELECT "posts".* FROM "posts"[0m
  Rendered posts/index.html.erb within layouts/application (9.2ms)
Completed 200 OK in 403ms (Views: 366.8ms | ActiveRecord: 0.8ms)


Started GET "/assets/posts.self-e3b0c44298fc1c149afbf4c8996fb92427ae41e4649b934ca495991b7852b855.css?body=1" for ::1 at 2016-05-29 15:06:08 +0800
Started GET "/assets/turbolinks.self-ff1d37d088bcba87ddd5a9edcbdbf45f1103309d3785dfd2324d668bde626e5d.js?body=1" for ::1 at 2016-05-29 15:06:08 +0800
Started GET "/assets/scaffolds.self-0895d1e62cab60b517b59c18e03c4f1bf535450491d38019017cf0d2215f28b4.css?body=1" for ::1 at 2016-05-29 15:06:08 +0800
Started GET "/assets/action_cable.self-97a1acc11db2782c1b61ce874bff887f64e903d3cb2b533eff50fb799c873c70.js?body=1" for ::1 at 2016-05-29 15:06:08 +0800
Started GET "/assets/posts.self-877aef30ae1b040ab8a3aba4e3e309a11d7f2612f44dde450b5c157aa5f95c05.js?body=1" for ::1 at 2016-05-29 15:06:08 +0800
Started GET "/assets/cable.self-6e0514260c1aa76eaf252412ce74e63f68819fd19bf740595f592c5ba4c36537.js?body=1" for ::1 at 2016-05-29 15:06:08 +0800
Started GET "/assets/application.self-b89234cf2659d7fedea75bca0b8d231ad7dfc2f3f57fcbaf5f44ed9dc384137b.js?body=1" for ::1 at 2016-05-29 15:06:08 +0800
Started GET "/assets/application.self-af04b226fd7202dfc532ce7aedb95a0128277937e90d3b3a3d35e1cce9e16886.css?body=1" for ::1 at 2016-05-29 15:06:08 +0800
Started GET "/assets/jquery.self-660adc51e0224b731d29f575a6f1ec167ba08ad06ed5deca4f1e8654c135bf4c.js?body=1" for ::1 at 2016-05-29 15:06:08 +0800
Started GET "/assets/jquery_ujs.self-e87806d0cf4489aeb1bb7288016024e8de67fd18db693fe026fe3907581e53cd.js?body=1" for ::1 at 2016-05-29 15:06:08 +0800
Started GET "/posts/new" for ::1 at 2016-05-29 15:06:10 +0800
Processing by PostsController#new as HTML
  Rendering posts/new.html.erb within layouts/application
  Rendered posts/_form.html.erb (26.3ms)
  Rendered posts/new.html.erb within layouts/application (29.9ms)
Completed 200 OK in 77ms (Views: 57.8ms | ActiveRecord: 0.8ms)


Started POST "/posts" for ::1 at 2016-05-29 15:07:49 +0800
Processing by PostsController#create as HTML
  Parameters: {"utf8"=>"✓", "authenticity_token"=>"d51ufQW95E2p7JSjJ8D6LcCFf3bUCAMPRZ1Z5GHSzvDEZDyq6kMILUKz6TqhcN+nsr0JaBzATsZqliINRwTBSw==", "post"=>{"title"=>"Hello World", "subtitle"=>"This is a test post", "content"=>"This is a demo of jQuery insert plugin for MediumEditor. This whole website is an editable editor. You can click on text and start typing. Or you can click on the image above and see what this plugin has to offer. If you want to insert an image, create a new empty paragraph and the plugin's button will appear on the left. From there it's pretty self-explanatory.  And we also support embedding of videos, social media, etc.", "author"=>"Me", "category"=>"Page"}, "commit"=>"Create Post"}
  [1m[35m (0.3ms)[0m  [1m[36mbegin transaction[0m
  [1m[35mSQL (1.2ms)[0m  [1m[32mINSERT INTO "posts" ("title", "subtitle", "content", "author", "category", "created_at", "updated_at") VALUES (?, ?, ?, ?, ?, ?, ?)[0m  [["title", "Hello World"], ["subtitle", "This is a test post"], ["content", "This is a demo of jQuery insert plugin for MediumEditor. This whole website is an editable editor. You can click on text and start typing. Or you can click on the image above and see what this plugin has to offer. If you want to insert an image, create a new empty paragraph and the plugin's button will appear on the left. From there it's pretty self-explanatory.  And we also support embedding of videos, social media, etc."], ["author", "Me"], ["category", "Page"], ["created_at", 2016-05-29 07:07:49 UTC], ["updated_at", 2016-05-29 07:07:49 UTC]]
  [1m[35m (0.8ms)[0m  [1m[36mcommit transaction[0m
Redirected to http://localhost:3000/posts/1
Completed 302 Found in 10ms (ActiveRecord: 2.3ms)


Started GET "/posts/1" for ::1 at 2016-05-29 15:07:49 +0800
Processing by PostsController#show as HTML
  Parameters: {"id"=>"1"}
  [1m[36mPost Load (0.4ms)[0m  [1m[34mSELECT  "posts".* FROM "posts" WHERE "posts"."id" = ? LIMIT ?[0m  [["id", 1], ["LIMIT", 1]]
  Rendering posts/show.html.erb within layouts/application
  Rendered posts/show.html.erb within layouts/application (1.1ms)
Completed 200 OK in 42ms (Views: 33.2ms | ActiveRecord: 0.4ms)


Started GET "/posts/1/edit" for ::1 at 2016-05-29 15:07:53 +0800
Processing by PostsController#edit as HTML
  Parameters: {"id"=>"1"}
  [1m[36mPost Load (0.8ms)[0m  [1m[34mSELECT  "posts".* FROM "posts" WHERE "posts"."id" = ? LIMIT ?[0m  [["id", 1], ["LIMIT", 1]]
  Rendering posts/edit.html.erb within layouts/application
  Rendered posts/_form.html.erb (4.5ms)
  Rendered posts/edit.html.erb within layouts/application (8.9ms)
Completed 200 OK in 44ms (Views: 36.2ms | ActiveRecord: 0.8ms)


Started GET "/posts/1/edit" for ::1 at 2016-05-29 15:22:56 +0800
Processing by PostsController#edit as HTML
  Parameters: {"id"=>"1"}
  [1m[36mPost Load (1.1ms)[0m  [1m[34mSELECT  "posts".* FROM "posts" WHERE "posts"."id" = ? LIMIT ?[0m  [["id", 1], ["LIMIT", 1]]
  Rendering posts/edit.html.erb within layouts/application
  Rendered posts/_form.html.erb (12.3ms)
  Rendered posts/edit.html.erb within layouts/application (17.6ms)
Completed 200 OK in 86ms (Views: 69.0ms | ActiveRecord: 1.1ms)


Started GET "/assets/posts.self-e3b0c44298fc1c149afbf4c8996fb92427ae41e4649b934ca495991b7852b855.css?body=1" for ::1 at 2016-05-29 15:22:56 +0800
Started GET "/assets/scaffolds.self-0895d1e62cab60b517b59c18e03c4f1bf535450491d38019017cf0d2215f28b4.css?body=1" for ::1 at 2016-05-29 15:22:56 +0800
Started GET "/assets/application.self-af04b226fd7202dfc532ce7aedb95a0128277937e90d3b3a3d35e1cce9e16886.css?body=1" for ::1 at 2016-05-29 15:22:56 +0800
Started GET "/assets/jquery_ujs.self-e87806d0cf4489aeb1bb7288016024e8de67fd18db693fe026fe3907581e53cd.js?body=1" for ::1 at 2016-05-29 15:22:56 +0800
Started GET "/assets/jquery.self-660adc51e0224b731d29f575a6f1ec167ba08ad06ed5deca4f1e8654c135bf4c.js?body=1" for ::1 at 2016-05-29 15:22:56 +0800
Started GET "/assets/action_cable.self-97a1acc11db2782c1b61ce874bff887f64e903d3cb2b533eff50fb799c873c70.js?body=1" for ::1 at 2016-05-29 15:22:56 +0800
Started GET "/assets/cable.self-6e0514260c1aa76eaf252412ce74e63f68819fd19bf740595f592c5ba4c36537.js?body=1" for ::1 at 2016-05-29 15:22:56 +0800
Started GET "/assets/posts.self-877aef30ae1b040ab8a3aba4e3e309a11d7f2612f44dde450b5c157aa5f95c05.js?body=1" for ::1 at 2016-05-29 15:22:56 +0800
Started GET "/assets/application.self-b89234cf2659d7fedea75bca0b8d231ad7dfc2f3f57fcbaf5f44ed9dc384137b.js?body=1" for ::1 at 2016-05-29 15:22:56 +0800
Started GET "/assets/turbolinks.self-ff1d37d088bcba87ddd5a9edcbdbf45f1103309d3785dfd2324d668bde626e5d.js?body=1" for ::1 at 2016-05-29 15:22:56 +0800
Started GET "/posts" for ::1 at 2016-05-29 15:23:03 +0800
Processing by PostsController#index as HTML
  Rendering posts/index.html.erb within layouts/application
  [1m[36mPost Load (0.4ms)[0m  [1m[34mSELECT "posts".* FROM "posts"[0m
  Rendered posts/index.html.erb within layouts/application (5.8ms)
Completed 200 OK in 43ms (Views: 37.7ms | ActiveRecord: 0.4ms)


Started GET "/posts/1/edit" for ::1 at 2016-05-29 15:23:07 +0800
Processing by PostsController#edit as HTML
  Parameters: {"id"=>"1"}
  [1m[36mPost Load (0.6ms)[0m  [1m[34mSELECT  "posts".* FROM "posts" WHERE "posts"."id" = ? LIMIT ?[0m  [["id", 1], ["LIMIT", 1]]
  Rendering posts/edit.html.erb within layouts/application
  Rendered posts/_form.html.erb (123.7ms)
  Rendered posts/edit.html.erb within layouts/application (133.0ms)
Completed 200 OK in 178ms (Views: 172.7ms | ActiveRecord: 0.6ms)


Started GET "/posts/1/edit" for ::1 at 2016-05-29 15:23:22 +0800
  [1m[36mActiveRecord::SchemaMigration Load (0.2ms)[0m  [1m[34mSELECT "schema_migrations".* FROM "schema_migrations"[0m
Processing by PostsController#edit as HTML
  Parameters: {"id"=>"1"}
  [1m[36mPost Load (0.3ms)[0m  [1m[34mSELECT  "posts".* FROM "posts" WHERE "posts"."id" = ? LIMIT ?[0m  [["id", 1], ["LIMIT", 1]]
  Rendering posts/edit.html.erb within layouts/application
  Rendered posts/_form.html.erb (28.6ms)
  Rendered posts/edit.html.erb within layouts/application (33.2ms)
Completed 200 OK in 337ms (Views: 305.2ms | ActiveRecord: 1.0ms)


Started GET "/assets/posts.self-e3b0c44298fc1c149afbf4c8996fb92427ae41e4649b934ca495991b7852b855.css?body=1" for ::1 at 2016-05-29 15:23:22 +0800
Started GET "/assets/scaffolds.self-0895d1e62cab60b517b59c18e03c4f1bf535450491d38019017cf0d2215f28b4.css?body=1" for ::1 at 2016-05-29 15:23:22 +0800
Started GET "/assets/application.self-af04b226fd7202dfc532ce7aedb95a0128277937e90d3b3a3d35e1cce9e16886.css?body=1" for ::1 at 2016-05-29 15:23:22 +0800
Started GET "/assets/jquery.self-660adc51e0224b731d29f575a6f1ec167ba08ad06ed5deca4f1e8654c135bf4c.js?body=1" for ::1 at 2016-05-29 15:23:22 +0800
Started GET "/assets/jquery_ujs.self-e87806d0cf4489aeb1bb7288016024e8de67fd18db693fe026fe3907581e53cd.js?body=1" for ::1 at 2016-05-29 15:23:22 +0800
Started GET "/assets/action_cable.self-97a1acc11db2782c1b61ce874bff887f64e903d3cb2b533eff50fb799c873c70.js?body=1" for ::1 at 2016-05-29 15:23:22 +0800
Started GET "/assets/cable.self-6e0514260c1aa76eaf252412ce74e63f68819fd19bf740595f592c5ba4c36537.js?body=1" for ::1 at 2016-05-29 15:23:22 +0800
Started GET "/assets/posts.self-877aef30ae1b040ab8a3aba4e3e309a11d7f2612f44dde450b5c157aa5f95c05.js?body=1" for ::1 at 2016-05-29 15:23:22 +0800
Started GET "/assets/application.self-b89234cf2659d7fedea75bca0b8d231ad7dfc2f3f57fcbaf5f44ed9dc384137b.js?body=1" for ::1 at 2016-05-29 15:23:22 +0800
Started GET "/assets/turbolinks.self-ff1d37d088bcba87ddd5a9edcbdbf45f1103309d3785dfd2324d668bde626e5d.js?body=1" for ::1 at 2016-05-29 15:23:23 +0800
Started GET "/posts/" for ::1 at 2016-05-29 15:23:27 +0800
Processing by PostsController#index as HTML
  Rendering posts/index.html.erb within layouts/application
  [1m[36mPost Load (0.4ms)[0m  [1m[34mSELECT "posts".* FROM "posts"[0m
  Rendered posts/index.html.erb within layouts/application (3.2ms)
Completed 200 OK in 45ms (Views: 41.2ms | ActiveRecord: 0.4ms)


Started GET "/posts/new" for ::1 at 2016-05-29 15:23:30 +0800
Processing by PostsController#new as HTML
  Rendering posts/new.html.erb within layouts/application
  Rendered posts/_form.html.erb (3.9ms)
  Rendered posts/new.html.erb within layouts/application (7.1ms)
Completed 200 OK in 44ms (Views: 39.9ms | ActiveRecord: 0.0ms)


Started GET "/posts" for ::1 at 2016-05-29 15:23:35 +0800
Processing by PostsController#index as HTML
  Rendering posts/index.html.erb within layouts/application
  [1m[36mPost Load (0.5ms)[0m  [1m[34mSELECT "posts".* FROM "posts"[0m
  Rendered posts/index.html.erb within layouts/application (3.6ms)
Completed 200 OK in 42ms (Views: 37.6ms | ActiveRecord: 0.5ms)


Started GET "/posts/1/edit" for ::1 at 2016-05-29 15:23:38 +0800
Processing by PostsController#edit as HTML
  Parameters: {"id"=>"1"}
  [1m[36mPost Load (0.2ms)[0m  [1m[34mSELECT  "posts".* FROM "posts" WHERE "posts"."id" = ? LIMIT ?[0m  [["id", 1], ["LIMIT", 1]]
  Rendering posts/edit.html.erb within layouts/application
  Rendered posts/_form.html.erb (4.8ms)
  Rendered posts/edit.html.erb within layouts/application (8.2ms)
Completed 200 OK in 45ms (Views: 39.8ms | ActiveRecord: 0.2ms)


Started GET "/" for ::1 at 2016-05-29 15:32:12 +0800
Processing by Rails::WelcomeController#index as HTML
  Parameters: {"internal"=>true}
  Rendering /Users/kaelilo/.rvm/gems/ruby-2.2.2/gems/railties-5.0.0.rc1/lib/rails/templates/rails/welcome/index.html.erb
  Rendered /Users/kaelilo/.rvm/gems/ruby-2.2.2/gems/railties-5.0.0.rc1/lib/rails/templates/rails/welcome/index.html.erb (3.8ms)
Completed 200 OK in 12ms (Views: 6.8ms | ActiveRecord: 0.0ms)


Started GET "/posts/" for ::1 at 2016-05-29 15:32:16 +0800
Processing by PostsController#index as HTML
  Rendering posts/index.html.erb within layouts/application
  [1m[36mPost Load (0.2ms)[0m  [1m[34mSELECT "posts".* FROM "posts"[0m
  Rendered posts/index.html.erb within layouts/application (2.1ms)
Completed 200 OK in 42ms (Views: 39.3ms | ActiveRecord: 0.2ms)


Started GET "/posts/new" for ::1 at 2016-05-29 15:32:18 +0800
Processing by PostsController#new as HTML
  Rendering posts/new.html.erb within layouts/application
  Rendered posts/_form.html.erb (5.7ms)
  Rendered posts/new.html.erb within layouts/application (10.9ms)
Completed 200 OK in 80ms (Views: 74.7ms | ActiveRecord: 0.0ms)


Started GET "/posts/new" for ::1 at 2016-05-29 15:55:53 +0800
Processing by PostsController#new as HTML
  Rendering posts/new.html.erb within layouts/application
  Rendered posts/_form.html.erb (11.9ms)
  Rendered posts/new.html.erb within layouts/application (14.6ms)
Completed 200 OK in 59ms (Views: 55.6ms | ActiveRecord: 0.0ms)


Started GET "/assets/application.self-af04b226fd7202dfc532ce7aedb95a0128277937e90d3b3a3d35e1cce9e16886.css?body=1" for ::1 at 2016-05-29 15:55:53 +0800
Started GET "/assets/scaffolds.self-0895d1e62cab60b517b59c18e03c4f1bf535450491d38019017cf0d2215f28b4.css?body=1" for ::1 at 2016-05-29 15:55:53 +0800
Started GET "/assets/posts.self-e3b0c44298fc1c149afbf4c8996fb92427ae41e4649b934ca495991b7852b855.css?body=1" for ::1 at 2016-05-29 15:55:53 +0800
Started GET "/assets/jquery.self-660adc51e0224b731d29f575a6f1ec167ba08ad06ed5deca4f1e8654c135bf4c.js?body=1" for ::1 at 2016-05-29 15:55:53 +0800
Started GET "/assets/jquery_ujs.self-e87806d0cf4489aeb1bb7288016024e8de67fd18db693fe026fe3907581e53cd.js?body=1" for ::1 at 2016-05-29 15:55:53 +0800
Started GET "/assets/cable.self-6e0514260c1aa76eaf252412ce74e63f68819fd19bf740595f592c5ba4c36537.js?body=1" for ::1 at 2016-05-29 15:55:53 +0800
Started GET "/assets/action_cable.self-97a1acc11db2782c1b61ce874bff887f64e903d3cb2b533eff50fb799c873c70.js?body=1" for ::1 at 2016-05-29 15:55:53 +0800
Started GET "/assets/posts.self-877aef30ae1b040ab8a3aba4e3e309a11d7f2612f44dde450b5c157aa5f95c05.js?body=1" for ::1 at 2016-05-29 15:55:53 +0800
Started GET "/assets/application.self-b89234cf2659d7fedea75bca0b8d231ad7dfc2f3f57fcbaf5f44ed9dc384137b.js?body=1" for ::1 at 2016-05-29 15:55:53 +0800
Started GET "/assets/turbolinks.self-ff1d37d088bcba87ddd5a9edcbdbf45f1103309d3785dfd2324d668bde626e5d.js?body=1" for ::1 at 2016-05-29 15:55:53 +0800
Started GET "/posts" for ::1 at 2016-05-29 15:55:57 +0800
Processing by PostsController#index as HTML
  Rendering posts/index.html.erb within layouts/application
  [1m[36mPost Load (0.7ms)[0m  [1m[34mSELECT "posts".* FROM "posts"[0m
  Rendered posts/index.html.erb within layouts/application (4.4ms)
Completed 200 OK in 57ms (Views: 51.7ms | ActiveRecord: 0.7ms)


Started GET "/posts/1/edit" for ::1 at 2016-05-29 15:56:00 +0800
Processing by PostsController#edit as HTML
  Parameters: {"id"=>"1"}
  [1m[36mPost Load (0.4ms)[0m  [1m[34mSELECT  "posts".* FROM "posts" WHERE "posts"."id" = ? LIMIT ?[0m  [["id", 1], ["LIMIT", 1]]
  Rendering posts/edit.html.erb within layouts/application
  Rendered posts/_form.html.erb (6.8ms)
  Rendered posts/edit.html.erb within layouts/application (11.1ms)
Completed 200 OK in 57ms (Views: 50.3ms | ActiveRecord: 0.4ms)


Started GET "/posts/1/edit" for ::1 at 2016-05-29 15:59:06 +0800
Processing by PostsController#edit as HTML
  Parameters: {"id"=>"1"}
  [1m[36mPost Load (0.2ms)[0m  [1m[34mSELECT  "posts".* FROM "posts" WHERE "posts"."id" = ? LIMIT ?[0m  [["id", 1], ["LIMIT", 1]]
  Rendering posts/edit.html.erb within layouts/application
  Rendered posts/_form.html.erb (5.5ms)
  Rendered posts/edit.html.erb within layouts/application (9.4ms)
Completed 200 OK in 52ms (Views: 47.7ms | ActiveRecord: 0.2ms)


Started GET "/assets/posts.self-e3b0c44298fc1c149afbf4c8996fb92427ae41e4649b934ca495991b7852b855.css?body=1" for ::1 at 2016-05-29 15:59:06 +0800
Started GET "/assets/jquery.self-660adc51e0224b731d29f575a6f1ec167ba08ad06ed5deca4f1e8654c135bf4c.js?body=1" for ::1 at 2016-05-29 15:59:06 +0800
Started GET "/assets/jquery_ujs.self-e87806d0cf4489aeb1bb7288016024e8de67fd18db693fe026fe3907581e53cd.js?body=1" for ::1 at 2016-05-29 15:59:06 +0800
Started GET "/assets/application.self-af04b226fd7202dfc532ce7aedb95a0128277937e90d3b3a3d35e1cce9e16886.css?body=1" for ::1 at 2016-05-29 15:59:06 +0800
Started GET "/assets/scaffolds.self-0895d1e62cab60b517b59c18e03c4f1bf535450491d38019017cf0d2215f28b4.css?body=1" for ::1 at 2016-05-29 15:59:06 +0800
Started GET "/assets/cable.self-6e0514260c1aa76eaf252412ce74e63f68819fd19bf740595f592c5ba4c36537.js?body=1" for ::1 at 2016-05-29 15:59:06 +0800
Started GET "/assets/action_cable.self-97a1acc11db2782c1b61ce874bff887f64e903d3cb2b533eff50fb799c873c70.js?body=1" for ::1 at 2016-05-29 15:59:06 +0800
Started GET "/assets/posts.self-877aef30ae1b040ab8a3aba4e3e309a11d7f2612f44dde450b5c157aa5f95c05.js?body=1" for ::1 at 2016-05-29 15:59:06 +0800
Started GET "/assets/application.self-b89234cf2659d7fedea75bca0b8d231ad7dfc2f3f57fcbaf5f44ed9dc384137b.js?body=1" for ::1 at 2016-05-29 15:59:06 +0800
Started GET "/assets/turbolinks.self-ff1d37d088bcba87ddd5a9edcbdbf45f1103309d3785dfd2324d668bde626e5d.js?body=1" for ::1 at 2016-05-29 15:59:06 +0800
Started GET "/posts/1/edit" for ::1 at 2016-05-29 16:01:22 +0800
Processing by PostsController#edit as HTML
  Parameters: {"id"=>"1"}
  [1m[36mPost Load (0.2ms)[0m  [1m[34mSELECT  "posts".* FROM "posts" WHERE "posts"."id" = ? LIMIT ?[0m  [["id", 1], ["LIMIT", 1]]
  Rendering posts/edit.html.erb within layouts/application
  Rendered posts/_form.html.erb (3.7ms)
  Rendered posts/edit.html.erb within layouts/application (6.2ms)
Completed 200 OK in 39ms (Views: 35.6ms | ActiveRecord: 0.2ms)


Started GET "/assets/scaffolds.self-0895d1e62cab60b517b59c18e03c4f1bf535450491d38019017cf0d2215f28b4.css?body=1" for ::1 at 2016-05-29 16:01:22 +0800
Started GET "/assets/posts.self-e3b0c44298fc1c149afbf4c8996fb92427ae41e4649b934ca495991b7852b855.css?body=1" for ::1 at 2016-05-29 16:01:22 +0800
Started GET "/assets/application.self-af04b226fd7202dfc532ce7aedb95a0128277937e90d3b3a3d35e1cce9e16886.css?body=1" for ::1 at 2016-05-29 16:01:22 +0800
Started GET "/assets/jquery.self-660adc51e0224b731d29f575a6f1ec167ba08ad06ed5deca4f1e8654c135bf4c.js?body=1" for ::1 at 2016-05-29 16:01:22 +0800
Started GET "/assets/jquery_ujs.self-e87806d0cf4489aeb1bb7288016024e8de67fd18db693fe026fe3907581e53cd.js?body=1" for ::1 at 2016-05-29 16:01:22 +0800
Started GET "/assets/application.self-b89234cf2659d7fedea75bca0b8d231ad7dfc2f3f57fcbaf5f44ed9dc384137b.js?body=1" for ::1 at 2016-05-29 16:01:22 +0800
Started GET "/assets/action_cable.self-97a1acc11db2782c1b61ce874bff887f64e903d3cb2b533eff50fb799c873c70.js?body=1" for ::1 at 2016-05-29 16:01:22 +0800
Started GET "/assets/posts.self-877aef30ae1b040ab8a3aba4e3e309a11d7f2612f44dde450b5c157aa5f95c05.js?body=1" for ::1 at 2016-05-29 16:01:22 +0800
Started GET "/assets/cable.self-6e0514260c1aa76eaf252412ce74e63f68819fd19bf740595f592c5ba4c36537.js?body=1" for ::1 at 2016-05-29 16:01:22 +0800
Started GET "/assets/turbolinks.self-ff1d37d088bcba87ddd5a9edcbdbf45f1103309d3785dfd2324d668bde626e5d.js?body=1" for ::1 at 2016-05-29 16:01:22 +0800
Started PATCH "/posts/1" for ::1 at 2016-05-29 16:01:50 +0800
Processing by PostsController#update as HTML
  Parameters: {"utf8"=>"✓", "authenticity_token"=>"tmH1e9xbfKku8MXEIa71L7d/FpmF0/GhT9/SiCC/Wg/J0UO7wJUck4LTI/2vjcicBbeEcnoH/D66z8WFaceGiw==", "post"=>{"title"=>"Hello World", "subtitle"=>"This is a test post", "content"=>"This is a demo of jQuery insert plugin for MediumEditor. This whole website is an editable editor. You can click on text and start typing. Or you can click on the image above and see what this plugin has to offer. If you want to insert an image, create a new empty paragraph and the plugin's button will appear on the left. From there it's pretty self-explanatory.  And we also support embedding of videos, social media, etc.", "author"=>"Me", "category"=>"Page"}, "commit"=>"Update Post", "id"=>"1"}
  [1m[36mPost Load (0.2ms)[0m  [1m[34mSELECT  "posts".* FROM "posts" WHERE "posts"."id" = ? LIMIT ?[0m  [["id", 1], ["LIMIT", 1]]
  [1m[35m (0.1ms)[0m  [1m[36mbegin transaction[0m
  [1m[35m (0.1ms)[0m  [1m[36mcommit transaction[0m
Redirected to http://localhost:3000/posts/1
Completed 302 Found in 4ms (ActiveRecord: 0.3ms)


Started GET "/posts/1" for ::1 at 2016-05-29 16:01:50 +0800
Processing by PostsController#show as HTML
  Parameters: {"id"=>"1"}
  [1m[36mPost Load (0.2ms)[0m  [1m[34mSELECT  "posts".* FROM "posts" WHERE "posts"."id" = ? LIMIT ?[0m  [["id", 1], ["LIMIT", 1]]
  Rendering posts/show.html.erb within layouts/application
  Rendered posts/show.html.erb within layouts/application (1.1ms)
Completed 200 OK in 31ms (Views: 28.0ms | ActiveRecord: 0.2ms)


Started GET "/posts/1" for ::1 at 2016-05-29 16:05:14 +0800
Processing by PostsController#show as HTML
  Parameters: {"id"=>"1"}
  [1m[36mPost Load (0.1ms)[0m  [1m[34mSELECT  "posts".* FROM "posts" WHERE "posts"."id" = ? LIMIT ?[0m  [["id", 1], ["LIMIT", 1]]
  Rendering posts/show.html.erb within layouts/application
  Rendered posts/show.html.erb within layouts/application (1.2ms)
Completed 200 OK in 30ms (Views: 26.7ms | ActiveRecord: 0.1ms)


Started GET "/assets/posts.self-e3b0c44298fc1c149afbf4c8996fb92427ae41e4649b934ca495991b7852b855.css?body=1" for ::1 at 2016-05-29 16:05:14 +0800
Started GET "/assets/scaffolds.self-0895d1e62cab60b517b59c18e03c4f1bf535450491d38019017cf0d2215f28b4.css?body=1" for ::1 at 2016-05-29 16:05:14 +0800
Started GET "/assets/application.self-af04b226fd7202dfc532ce7aedb95a0128277937e90d3b3a3d35e1cce9e16886.css?body=1" for ::1 at 2016-05-29 16:05:14 +0800
Started GET "/assets/jquery.self-660adc51e0224b731d29f575a6f1ec167ba08ad06ed5deca4f1e8654c135bf4c.js?body=1" for ::1 at 2016-05-29 16:05:14 +0800
Started GET "/assets/action_cable.self-97a1acc11db2782c1b61ce874bff887f64e903d3cb2b533eff50fb799c873c70.js?body=1" for ::1 at 2016-05-29 16:05:14 +0800
Started GET "/assets/jquery_ujs.self-e87806d0cf4489aeb1bb7288016024e8de67fd18db693fe026fe3907581e53cd.js?body=1" for ::1 at 2016-05-29 16:05:14 +0800
Started GET "/assets/posts.self-877aef30ae1b040ab8a3aba4e3e309a11d7f2612f44dde450b5c157aa5f95c05.js?body=1" for ::1 at 2016-05-29 16:05:14 +0800
Started GET "/assets/cable.self-6e0514260c1aa76eaf252412ce74e63f68819fd19bf740595f592c5ba4c36537.js?body=1" for ::1 at 2016-05-29 16:05:14 +0800
Started GET "/assets/application.self-b89234cf2659d7fedea75bca0b8d231ad7dfc2f3f57fcbaf5f44ed9dc384137b.js?body=1" for ::1 at 2016-05-29 16:05:14 +0800
Started GET "/assets/turbolinks.self-ff1d37d088bcba87ddd5a9edcbdbf45f1103309d3785dfd2324d668bde626e5d.js?body=1" for ::1 at 2016-05-29 16:05:15 +0800
Started GET "/posts/1/edit" for ::1 at 2016-05-29 16:05:18 +0800
Processing by PostsController#edit as HTML
  Parameters: {"id"=>"1"}
  [1m[36mPost Load (0.4ms)[0m  [1m[34mSELECT  "posts".* FROM "posts" WHERE "posts"."id" = ? LIMIT ?[0m  [["id", 1], ["LIMIT", 1]]
  Rendering posts/edit.html.erb within layouts/application
  Rendered posts/_form.html.erb (5.2ms)
  Rendered posts/edit.html.erb within layouts/application (9.6ms)
Completed 200 OK in 54ms (Views: 44.1ms | ActiveRecord: 0.4ms)


Started GET "/posts/1/edit" for ::1 at 2016-05-29 16:05:37 +0800
Processing by PostsController#edit as HTML
  Parameters: {"id"=>"1"}
  [1m[36mPost Load (0.2ms)[0m  [1m[34mSELECT  "posts".* FROM "posts" WHERE "posts"."id" = ? LIMIT ?[0m  [["id", 1], ["LIMIT", 1]]
  Rendering posts/edit.html.erb within layouts/application
  Rendered posts/_form.html.erb (4.3ms)
  Rendered posts/edit.html.erb within layouts/application (7.6ms)
Completed 200 OK in 41ms (Views: 37.4ms | ActiveRecord: 0.2ms)


Started GET "/assets/posts.self-e3b0c44298fc1c149afbf4c8996fb92427ae41e4649b934ca495991b7852b855.css?body=1" for ::1 at 2016-05-29 16:05:37 +0800
Started GET "/assets/scaffolds.self-0895d1e62cab60b517b59c18e03c4f1bf535450491d38019017cf0d2215f28b4.css?body=1" for ::1 at 2016-05-29 16:05:37 +0800
Started GET "/assets/application.self-af04b226fd7202dfc532ce7aedb95a0128277937e90d3b3a3d35e1cce9e16886.css?body=1" for ::1 at 2016-05-29 16:05:37 +0800
Started GET "/assets/jquery.self-660adc51e0224b731d29f575a6f1ec167ba08ad06ed5deca4f1e8654c135bf4c.js?body=1" for ::1 at 2016-05-29 16:05:37 +0800
Started GET "/assets/jquery_ujs.self-e87806d0cf4489aeb1bb7288016024e8de67fd18db693fe026fe3907581e53cd.js?body=1" for ::1 at 2016-05-29 16:05:37 +0800
Started GET "/assets/cable.self-6e0514260c1aa76eaf252412ce74e63f68819fd19bf740595f592c5ba4c36537.js?body=1" for ::1 at 2016-05-29 16:05:37 +0800
Started GET "/assets/posts.self-877aef30ae1b040ab8a3aba4e3e309a11d7f2612f44dde450b5c157aa5f95c05.js?body=1" for ::1 at 2016-05-29 16:05:37 +0800
Started GET "/assets/action_cable.self-97a1acc11db2782c1b61ce874bff887f64e903d3cb2b533eff50fb799c873c70.js?body=1" for ::1 at 2016-05-29 16:05:37 +0800
Started GET "/assets/application.self-b89234cf2659d7fedea75bca0b8d231ad7dfc2f3f57fcbaf5f44ed9dc384137b.js?body=1" for ::1 at 2016-05-29 16:05:37 +0800
Started GET "/assets/turbolinks.self-ff1d37d088bcba87ddd5a9edcbdbf45f1103309d3785dfd2324d668bde626e5d.js?body=1" for ::1 at 2016-05-29 16:05:38 +0800
Started GET "/posts/1/edit" for ::1 at 2016-05-29 16:06:08 +0800
Processing by PostsController#edit as HTML
  Parameters: {"id"=>"1"}
  [1m[36mPost Load (0.1ms)[0m  [1m[34mSELECT  "posts".* FROM "posts" WHERE "posts"."id" = ? LIMIT ?[0m  [["id", 1], ["LIMIT", 1]]
  Rendering posts/edit.html.erb within layouts/application
  Rendered posts/_form.html.erb (3.8ms)
  Rendered posts/edit.html.erb within layouts/application (6.2ms)
Completed 200 OK in 34ms (Views: 31.1ms | ActiveRecord: 0.1ms)


Started GET "/assets/posts.self-e3b0c44298fc1c149afbf4c8996fb92427ae41e4649b934ca495991b7852b855.css?body=1" for ::1 at 2016-05-29 16:06:08 +0800
Started GET "/assets/scaffolds.self-0895d1e62cab60b517b59c18e03c4f1bf535450491d38019017cf0d2215f28b4.css?body=1" for ::1 at 2016-05-29 16:06:08 +0800
Started GET "/assets/application.self-af04b226fd7202dfc532ce7aedb95a0128277937e90d3b3a3d35e1cce9e16886.css?body=1" for ::1 at 2016-05-29 16:06:08 +0800
Started GET "/assets/jquery_ujs.self-e87806d0cf4489aeb1bb7288016024e8de67fd18db693fe026fe3907581e53cd.js?body=1" for ::1 at 2016-05-29 16:06:08 +0800
Started GET "/assets/turbolinks.self-ff1d37d088bcba87ddd5a9edcbdbf45f1103309d3785dfd2324d668bde626e5d.js?body=1" for ::1 at 2016-05-29 16:06:08 +0800
Started GET "/assets/application.self-b89234cf2659d7fedea75bca0b8d231ad7dfc2f3f57fcbaf5f44ed9dc384137b.js?body=1" for ::1 at 2016-05-29 16:06:08 +0800
Started GET "/assets/posts.self-877aef30ae1b040ab8a3aba4e3e309a11d7f2612f44dde450b5c157aa5f95c05.js?body=1" for ::1 at 2016-05-29 16:06:08 +0800
Started GET "/assets/action_cable.self-97a1acc11db2782c1b61ce874bff887f64e903d3cb2b533eff50fb799c873c70.js?body=1" for ::1 at 2016-05-29 16:06:08 +0800
Started GET "/assets/cable.self-6e0514260c1aa76eaf252412ce74e63f68819fd19bf740595f592c5ba4c36537.js?body=1" for ::1 at 2016-05-29 16:06:08 +0800
Started GET "/assets/jquery.self-660adc51e0224b731d29f575a6f1ec167ba08ad06ed5deca4f1e8654c135bf4c.js?body=1" for ::1 at 2016-05-29 16:06:09 +0800
Started GET "/posts/1/edit" for ::1 at 2016-05-29 16:06:52 +0800
Processing by PostsController#edit as HTML
  Parameters: {"id"=>"1"}
  [1m[36mPost Load (0.3ms)[0m  [1m[34mSELECT  "posts".* FROM "posts" WHERE "posts"."id" = ? LIMIT ?[0m  [["id", 1], ["LIMIT", 1]]
  Rendering posts/edit.html.erb within layouts/application
  Rendered posts/_form.html.erb (3.8ms)
  Rendered posts/edit.html.erb within layouts/application (6.2ms)
Completed 200 OK in 39ms (Views: 35.3ms | ActiveRecord: 0.3ms)


Started GET "/assets/posts.self-e3b0c44298fc1c149afbf4c8996fb92427ae41e4649b934ca495991b7852b855.css?body=1" for ::1 at 2016-05-29 16:06:52 +0800
Started GET "/assets/scaffolds.self-0895d1e62cab60b517b59c18e03c4f1bf535450491d38019017cf0d2215f28b4.css?body=1" for ::1 at 2016-05-29 16:06:52 +0800
Started GET "/assets/application.self-af04b226fd7202dfc532ce7aedb95a0128277937e90d3b3a3d35e1cce9e16886.css?body=1" for ::1 at 2016-05-29 16:06:52 +0800
Started GET "/assets/jquery.self-660adc51e0224b731d29f575a6f1ec167ba08ad06ed5deca4f1e8654c135bf4c.js?body=1" for ::1 at 2016-05-29 16:06:52 +0800
Started GET "/assets/action_cable.self-97a1acc11db2782c1b61ce874bff887f64e903d3cb2b533eff50fb799c873c70.js?body=1" for ::1 at 2016-05-29 16:06:52 +0800
Started GET "/assets/application.self-b89234cf2659d7fedea75bca0b8d231ad7dfc2f3f57fcbaf5f44ed9dc384137b.js?body=1" for ::1 at 2016-05-29 16:06:52 +0800
Started GET "/assets/posts.self-877aef30ae1b040ab8a3aba4e3e309a11d7f2612f44dde450b5c157aa5f95c05.js?body=1" for ::1 at 2016-05-29 16:06:52 +0800
Started GET "/assets/jquery_ujs.self-e87806d0cf4489aeb1bb7288016024e8de67fd18db693fe026fe3907581e53cd.js?body=1" for ::1 at 2016-05-29 16:06:52 +0800
Started GET "/assets/cable.self-6e0514260c1aa76eaf252412ce74e63f68819fd19bf740595f592c5ba4c36537.js?body=1" for ::1 at 2016-05-29 16:06:52 +0800
Started GET "/assets/turbolinks.self-ff1d37d088bcba87ddd5a9edcbdbf45f1103309d3785dfd2324d668bde626e5d.js?body=1" for ::1 at 2016-05-29 16:06:52 +0800
Started GET "/posts/1/edit" for ::1 at 2016-05-29 16:08:05 +0800
Processing by PostsController#edit as HTML
  Parameters: {"id"=>"1"}
  [1m[36mPost Load (0.1ms)[0m  [1m[34mSELECT  "posts".* FROM "posts" WHERE "posts"."id" = ? LIMIT ?[0m  [["id", 1], ["LIMIT", 1]]
  Rendering posts/edit.html.erb within layouts/application
  Rendered posts/_form.html.erb (4.3ms)
  Rendered posts/edit.html.erb within layouts/application (7.3ms)
Completed 200 OK in 36ms (Views: 33.2ms | ActiveRecord: 0.1ms)


Started GET "/assets/posts.self-e3b0c44298fc1c149afbf4c8996fb92427ae41e4649b934ca495991b7852b855.css?body=1" for ::1 at 2016-05-29 16:08:05 +0800
Started GET "/assets/jquery.self-660adc51e0224b731d29f575a6f1ec167ba08ad06ed5deca4f1e8654c135bf4c.js?body=1" for ::1 at 2016-05-29 16:08:05 +0800
Started GET "/assets/scaffolds.self-0895d1e62cab60b517b59c18e03c4f1bf535450491d38019017cf0d2215f28b4.css?body=1" for ::1 at 2016-05-29 16:08:05 +0800
Started GET "/assets/application.self-af04b226fd7202dfc532ce7aedb95a0128277937e90d3b3a3d35e1cce9e16886.css?body=1" for ::1 at 2016-05-29 16:08:05 +0800
Started GET "/assets/turbolinks.self-ff1d37d088bcba87ddd5a9edcbdbf45f1103309d3785dfd2324d668bde626e5d.js?body=1" for ::1 at 2016-05-29 16:08:05 +0800
Started GET "/assets/action_cable.self-97a1acc11db2782c1b61ce874bff887f64e903d3cb2b533eff50fb799c873c70.js?body=1" for ::1 at 2016-05-29 16:08:05 +0800
Started GET "/assets/cable.self-6e0514260c1aa76eaf252412ce74e63f68819fd19bf740595f592c5ba4c36537.js?body=1" for ::1 at 2016-05-29 16:08:05 +0800
Started GET "/assets/posts.self-877aef30ae1b040ab8a3aba4e3e309a11d7f2612f44dde450b5c157aa5f95c05.js?body=1" for ::1 at 2016-05-29 16:08:05 +0800
Started GET "/assets/application.self-b89234cf2659d7fedea75bca0b8d231ad7dfc2f3f57fcbaf5f44ed9dc384137b.js?body=1" for ::1 at 2016-05-29 16:08:05 +0800
Started GET "/assets/jquery_ujs.self-e87806d0cf4489aeb1bb7288016024e8de67fd18db693fe026fe3907581e53cd.js?body=1" for ::1 at 2016-05-29 16:08:06 +0800
Started GET "/posts/1/edit" for ::1 at 2016-05-29 16:09:12 +0800
Processing by PostsController#edit as HTML
  Parameters: {"id"=>"1"}
  [1m[36mPost Load (0.1ms)[0m  [1m[34mSELECT  "posts".* FROM "posts" WHERE "posts"."id" = ? LIMIT ?[0m  [["id", 1], ["LIMIT", 1]]
  Rendering posts/edit.html.erb within layouts/application
  Rendered posts/_form.html.erb (4.1ms)
  Rendered posts/edit.html.erb within layouts/application (6.5ms)
Completed 200 OK in 38ms (Views: 35.0ms | ActiveRecord: 0.1ms)


Started GET "/assets/posts.self-e3b0c44298fc1c149afbf4c8996fb92427ae41e4649b934ca495991b7852b855.css?body=1" for ::1 at 2016-05-29 16:09:12 +0800
Started GET "/assets/scaffolds.self-0895d1e62cab60b517b59c18e03c4f1bf535450491d38019017cf0d2215f28b4.css?body=1" for ::1 at 2016-05-29 16:09:13 +0800
Started GET "/assets/application.self-af04b226fd7202dfc532ce7aedb95a0128277937e90d3b3a3d35e1cce9e16886.css?body=1" for ::1 at 2016-05-29 16:09:13 +0800
Started GET "/assets/jquery.self-660adc51e0224b731d29f575a6f1ec167ba08ad06ed5deca4f1e8654c135bf4c.js?body=1" for ::1 at 2016-05-29 16:09:13 +0800
Started GET "/assets/jquery_ujs.self-e87806d0cf4489aeb1bb7288016024e8de67fd18db693fe026fe3907581e53cd.js?body=1" for ::1 at 2016-05-29 16:09:13 +0800
Started GET "/assets/action_cable.self-97a1acc11db2782c1b61ce874bff887f64e903d3cb2b533eff50fb799c873c70.js?body=1" for ::1 at 2016-05-29 16:09:13 +0800
Started GET "/assets/cable.self-6e0514260c1aa76eaf252412ce74e63f68819fd19bf740595f592c5ba4c36537.js?body=1" for ::1 at 2016-05-29 16:09:13 +0800
Started GET "/assets/application.self-b89234cf2659d7fedea75bca0b8d231ad7dfc2f3f57fcbaf5f44ed9dc384137b.js?body=1" for ::1 at 2016-05-29 16:09:13 +0800
Started GET "/assets/posts.self-877aef30ae1b040ab8a3aba4e3e309a11d7f2612f44dde450b5c157aa5f95c05.js?body=1" for ::1 at 2016-05-29 16:09:13 +0800
Started GET "/assets/turbolinks.self-ff1d37d088bcba87ddd5a9edcbdbf45f1103309d3785dfd2324d668bde626e5d.js?body=1" for ::1 at 2016-05-29 16:09:13 +0800
Started PATCH "/posts/1" for ::1 at 2016-05-29 16:09:23 +0800
Processing by PostsController#update as HTML
  Parameters: {"utf8"=>"✓", "authenticity_token"=>"ik6fPBqkJVbgoKywWKROcYy5+w1Jd29ErkfRO800hGz1/in8BmpFbEyDSonWh3PCPnFp5rajYttbV8Y2hExY6A==", "post"=>{"title"=>"Hello World", "subtitle"=>"This is a test post", "content"=>"This is a demo of jQuery insert plugin for MediumEditor. This whole website is an editable editor. You can click on text and start typing. Or you can click on the image above and see what this plugin has to offer. If you want to insert an image, create a new empty paragraph and the plugin's button will appear on the left. From there it's pretty self-explanatory.  And we also support embedding of videos, social media, etc.", "author"=>"Me", "category"=>"Page"}, "commit"=>"Update Post", "id"=>"1"}
  [1m[36mPost Load (0.1ms)[0m  [1m[34mSELECT  "posts".* FROM "posts" WHERE "posts"."id" = ? LIMIT ?[0m  [["id", 1], ["LIMIT", 1]]
  [1m[35m (0.1ms)[0m  [1m[36mbegin transaction[0m
  [1m[35m (0.1ms)[0m  [1m[36mcommit transaction[0m
Redirected to http://localhost:3000/posts/1
Completed 302 Found in 4ms (ActiveRecord: 0.3ms)


Started GET "/posts/1" for ::1 at 2016-05-29 16:09:23 +0800
Processing by PostsController#show as HTML
  Parameters: {"id"=>"1"}
  [1m[36mPost Load (0.2ms)[0m  [1m[34mSELECT  "posts".* FROM "posts" WHERE "posts"."id" = ? LIMIT ?[0m  [["id", 1], ["LIMIT", 1]]
  Rendering posts/show.html.erb within layouts/application
  Rendered posts/show.html.erb within layouts/application (1.1ms)
Completed 200 OK in 33ms (Views: 28.2ms | ActiveRecord: 0.2ms)


Started GET "/posts" for ::1 at 2016-05-29 16:09:27 +0800
Processing by PostsController#index as HTML
  Rendering posts/index.html.erb within layouts/application
  [1m[36mPost Load (0.2ms)[0m  [1m[34mSELECT "posts".* FROM "posts"[0m
  Rendered posts/index.html.erb within layouts/application (3.1ms)
Completed 200 OK in 38ms (Views: 32.0ms | ActiveRecord: 0.2ms)


Started GET "/posts/1/edit" for ::1 at 2016-05-29 16:09:30 +0800
Processing by PostsController#edit as HTML
  Parameters: {"id"=>"1"}
  [1m[36mPost Load (0.1ms)[0m  [1m[34mSELECT  "posts".* FROM "posts" WHERE "posts"."id" = ? LIMIT ?[0m  [["id", 1], ["LIMIT", 1]]
  Rendering posts/edit.html.erb within layouts/application
  Rendered posts/_form.html.erb (4.5ms)
  Rendered posts/edit.html.erb within layouts/application (9.4ms)
Completed 200 OK in 51ms (Views: 47.9ms | ActiveRecord: 0.1ms)


Started PATCH "/posts/1" for ::1 at 2016-05-29 16:09:40 +0800
Processing by PostsController#update as HTML
  Parameters: {"utf8"=>"✓", "authenticity_token"=>"D1Qd5L6x/ICKbs6YrT9P2M+4HRi9bscrB5gUBernOt9R5kommcRrxNJGckNvTkOhxF8mJAahCEsvABlu/vRtuA==", "post"=>{"title"=>"Hello World", "subtitle"=>"This is a test post", "content"=>"This is a demo of jQuery insert plugin for MediumEditor. This whole website is an editable editor. You can click on text and start typing. Or you can click on the image above and see what this plugin has to offer. If you want to insert an image, create a new empty paragraph and the plugin's button will appear on the left. From there it's pretty self-explanatory.  And we also support embedding of videos, social media, etc.", "author"=>"Me", "category"=>"Page"}, "commit"=>"Update Post", "id"=>"1"}
  [1m[36mPost Load (0.2ms)[0m  [1m[34mSELECT  "posts".* FROM "posts" WHERE "posts"."id" = ? LIMIT ?[0m  [["id", 1], ["LIMIT", 1]]
  [1m[35m (0.1ms)[0m  [1m[36mbegin transaction[0m
  [1m[35m (0.1ms)[0m  [1m[36mcommit transaction[0m
Redirected to http://localhost:3000/posts/1
Completed 302 Found in 5ms (ActiveRecord: 0.4ms)


Started GET "/posts/1" for ::1 at 2016-05-29 16:09:40 +0800
Processing by PostsController#show as HTML
  Parameters: {"id"=>"1"}
  [1m[36mPost Load (0.1ms)[0m  [1m[34mSELECT  "posts".* FROM "posts" WHERE "posts"."id" = ? LIMIT ?[0m  [["id", 1], ["LIMIT", 1]]
  Rendering posts/show.html.erb within layouts/application
  Rendered posts/show.html.erb within layouts/application (1.6ms)
Completed 200 OK in 37ms (Views: 34.6ms | ActiveRecord: 0.1ms)


Started GET "/posts/1/edit" for ::1 at 2016-05-29 16:16:55 +0800
Processing by PostsController#edit as HTML
  Parameters: {"id"=>"1"}
  [1m[36mPost Load (0.2ms)[0m  [1m[34mSELECT  "posts".* FROM "posts" WHERE "posts"."id" = ? LIMIT ?[0m  [["id", 1], ["LIMIT", 1]]
  Rendering posts/edit.html.erb within layouts/application
  Rendered posts/_form.html.erb (6.1ms)
  Rendered posts/edit.html.erb within layouts/application (9.3ms)
Completed 200 OK in 60ms (Views: 56.4ms | ActiveRecord: 0.2ms)


Started GET "/posts/1/edit" for ::1 at 2016-05-29 16:17:07 +0800
Processing by PostsController#edit as HTML
  Parameters: {"id"=>"1"}
  [1m[36mPost Load (0.1ms)[0m  [1m[34mSELECT  "posts".* FROM "posts" WHERE "posts"."id" = ? LIMIT ?[0m  [["id", 1], ["LIMIT", 1]]
  Rendering posts/edit.html.erb within layouts/application
  Rendered posts/_form.html.erb (4.1ms)
  Rendered posts/edit.html.erb within layouts/application (6.6ms)
Completed 200 OK in 36ms (Views: 32.4ms | ActiveRecord: 0.1ms)


Started GET "/assets/posts.self-e3b0c44298fc1c149afbf4c8996fb92427ae41e4649b934ca495991b7852b855.css?body=1" for ::1 at 2016-05-29 16:17:07 +0800
Started GET "/assets/scaffolds.self-0895d1e62cab60b517b59c18e03c4f1bf535450491d38019017cf0d2215f28b4.css?body=1" for ::1 at 2016-05-29 16:17:07 +0800
Started GET "/assets/application.self-af04b226fd7202dfc532ce7aedb95a0128277937e90d3b3a3d35e1cce9e16886.css?body=1" for ::1 at 2016-05-29 16:17:07 +0800
Started GET "/assets/jquery.self-660adc51e0224b731d29f575a6f1ec167ba08ad06ed5deca4f1e8654c135bf4c.js?body=1" for ::1 at 2016-05-29 16:17:07 +0800
Started GET "/assets/cable.self-6e0514260c1aa76eaf252412ce74e63f68819fd19bf740595f592c5ba4c36537.js?body=1" for ::1 at 2016-05-29 16:17:07 +0800
Started GET "/assets/jquery_ujs.self-e87806d0cf4489aeb1bb7288016024e8de67fd18db693fe026fe3907581e53cd.js?body=1" for ::1 at 2016-05-29 16:17:07 +0800
Started GET "/assets/posts.self-877aef30ae1b040ab8a3aba4e3e309a11d7f2612f44dde450b5c157aa5f95c05.js?body=1" for ::1 at 2016-05-29 16:17:07 +0800
Started GET "/assets/action_cable.self-97a1acc11db2782c1b61ce874bff887f64e903d3cb2b533eff50fb799c873c70.js?body=1" for ::1 at 2016-05-29 16:17:07 +0800
Started GET "/assets/application.self-b89234cf2659d7fedea75bca0b8d231ad7dfc2f3f57fcbaf5f44ed9dc384137b.js?body=1" for ::1 at 2016-05-29 16:17:07 +0800
Started GET "/assets/turbolinks.self-ff1d37d088bcba87ddd5a9edcbdbf45f1103309d3785dfd2324d668bde626e5d.js?body=1" for ::1 at 2016-05-29 16:17:08 +0800
Started PATCH "/posts/1" for ::1 at 2016-05-29 16:17:20 +0800
Processing by PostsController#update as HTML
  Parameters: {"utf8"=>"✓", "authenticity_token"=>"FoGLjbAQInaN/j8HPf4mydngYklRLwn9UJo4K7wpWjRpMT1NrN5CTCHd2T6z3Rt6ayjwoq77BGKlii8m9VGGsA==", "post"=>{"title"=>"Hello World", "subtitle"=>"This is a test post", "content"=>"This is a demo of jQuery insert plugin for MediumEditor. This whole website is an editable editor. You can click on text and start typing. Or you can click on the image above and see what this plugin has to offer. If you want to insert an image, create a new empty paragraph and the plugin's button will appear on the left. From there it's pretty self-explanatory.  And we also support embedding of videos, social media, etc.", "author"=>"Me", "category"=>"Page"}, "commit"=>"Update Post", "id"=>"1"}
  [1m[36mPost Load (0.1ms)[0m  [1m[34mSELECT  "posts".* FROM "posts" WHERE "posts"."id" = ? LIMIT ?[0m  [["id", 1], ["LIMIT", 1]]
  [1m[35m (0.1ms)[0m  [1m[36mbegin transaction[0m
  [1m[35m (0.1ms)[0m  [1m[36mcommit transaction[0m
Redirected to http://localhost:3000/posts/1
Completed 302 Found in 5ms (ActiveRecord: 0.3ms)


Started GET "/posts/1" for ::1 at 2016-05-29 16:17:20 +0800
Processing by PostsController#show as HTML
  Parameters: {"id"=>"1"}
  [1m[36mPost Load (0.1ms)[0m  [1m[34mSELECT  "posts".* FROM "posts" WHERE "posts"."id" = ? LIMIT ?[0m  [["id", 1], ["LIMIT", 1]]
  Rendering posts/show.html.erb within layouts/application
  Rendered posts/show.html.erb within layouts/application (0.9ms)
Completed 200 OK in 33ms (Views: 29.7ms | ActiveRecord: 0.1ms)


Started GET "/posts/1" for ::1 at 2016-05-29 16:17:23 +0800
Processing by PostsController#show as HTML
  Parameters: {"id"=>"1"}
  [1m[36mPost Load (0.1ms)[0m  [1m[34mSELECT  "posts".* FROM "posts" WHERE "posts"."id" = ? LIMIT ?[0m  [["id", 1], ["LIMIT", 1]]
  Rendering posts/show.html.erb within layouts/application
  Rendered posts/show.html.erb within layouts/application (2.2ms)
Completed 200 OK in 50ms (Views: 44.3ms | ActiveRecord: 0.1ms)


Started PATCH "/posts/1" for ::1 at 2016-05-29 16:17:36 +0800
Processing by PostsController#update as HTML
  Parameters: {"utf8"=>"✓", "authenticity_token"=>"FoGLjbAQInaN/j8HPf4mydngYklRLwn9UJo4K7wpWjRpMT1NrN5CTCHd2T6z3Rt6ayjwoq77BGKlii8m9VGGsA==", "post"=>{"title"=>"Hello World", "subtitle"=>"This is a test post", "content"=>"This is a demo of jQuery insert plugin for MediumEditor. This whole website is an editable editor. You can click on text and start typing. Or you can click on the image above and see what this plugin has to offer. If you want to insert an image, create a new empty paragraph and the plugin's button will appear on the left. From there it's pretty self-explanatory.  And we also support embedding of videos, social media, etc.", "author"=>"Me", "category"=>"Page"}, "commit"=>"Update Post", "id"=>"1"}
  [1m[36mPost Load (0.2ms)[0m  [1m[34mSELECT  "posts".* FROM "posts" WHERE "posts"."id" = ? LIMIT ?[0m  [["id", 1], ["LIMIT", 1]]
  [1m[35m (0.1ms)[0m  [1m[36mbegin transaction[0m
  [1m[35m (0.1ms)[0m  [1m[36mcommit transaction[0m
Redirected to http://localhost:3000/posts/1
Completed 302 Found in 5ms (ActiveRecord: 0.4ms)


Started GET "/posts/1" for ::1 at 2016-05-29 16:17:36 +0800
Processing by PostsController#show as HTML
  Parameters: {"id"=>"1"}
  [1m[36mPost Load (0.2ms)[0m  [1m[34mSELECT  "posts".* FROM "posts" WHERE "posts"."id" = ? LIMIT ?[0m  [["id", 1], ["LIMIT", 1]]
  Rendering posts/show.html.erb within layouts/application
  Rendered posts/show.html.erb within layouts/application (1.3ms)
Completed 200 OK in 35ms (Views: 31.7ms | ActiveRecord: 0.2ms)


Started GET "/posts/1/edit" for ::1 at 2016-05-29 16:41:02 +0800
Processing by PostsController#edit as HTML
  Parameters: {"id"=>"1"}
  [1m[36mPost Load (0.1ms)[0m  [1m[34mSELECT  "posts".* FROM "posts" WHERE "posts"."id" = ? LIMIT ?[0m  [["id", 1], ["LIMIT", 1]]
  Rendering posts/edit.html.erb within layouts/application
  Rendered posts/_form.html.erb (9.8ms)
  Rendered posts/edit.html.erb within layouts/application (13.7ms)
Completed 200 OK in 61ms (Views: 57.7ms | ActiveRecord: 0.1ms)


Started GET "/posts/1/edit" for ::1 at 2016-05-29 16:41:44 +0800
Processing by PostsController#edit as HTML
  Parameters: {"id"=>"1"}
  [1m[36mPost Load (0.1ms)[0m  [1m[34mSELECT  "posts".* FROM "posts" WHERE "posts"."id" = ? LIMIT ?[0m  [["id", 1], ["LIMIT", 1]]
  Rendering posts/edit.html.erb within layouts/application
  Rendered posts/_form.html.erb (3.7ms)
  Rendered posts/edit.html.erb within layouts/application (6.5ms)
Completed 200 OK in 42ms (Views: 39.4ms | ActiveRecord: 0.1ms)


Started GET "/assets/posts.self-e3b0c44298fc1c149afbf4c8996fb92427ae41e4649b934ca495991b7852b855.css?body=1" for ::1 at 2016-05-29 16:41:44 +0800
Started GET "/assets/scaffolds.self-0895d1e62cab60b517b59c18e03c4f1bf535450491d38019017cf0d2215f28b4.css?body=1" for ::1 at 2016-05-29 16:41:44 +0800
Started GET "/assets/application.self-af04b226fd7202dfc532ce7aedb95a0128277937e90d3b3a3d35e1cce9e16886.css?body=1" for ::1 at 2016-05-29 16:41:44 +0800
Started GET "/assets/jquery.self-660adc51e0224b731d29f575a6f1ec167ba08ad06ed5deca4f1e8654c135bf4c.js?body=1" for ::1 at 2016-05-29 16:41:44 +0800
Started GET "/assets/jquery_ujs.self-e87806d0cf4489aeb1bb7288016024e8de67fd18db693fe026fe3907581e53cd.js?body=1" for ::1 at 2016-05-29 16:41:44 +0800
Started GET "/assets/turbolinks.self-ff1d37d088bcba87ddd5a9edcbdbf45f1103309d3785dfd2324d668bde626e5d.js?body=1" for ::1 at 2016-05-29 16:41:44 +0800
Started GET "/assets/cable.self-6e0514260c1aa76eaf252412ce74e63f68819fd19bf740595f592c5ba4c36537.js?body=1" for ::1 at 2016-05-29 16:41:44 +0800
Started GET "/assets/posts.self-877aef30ae1b040ab8a3aba4e3e309a11d7f2612f44dde450b5c157aa5f95c05.js?body=1" for ::1 at 2016-05-29 16:41:44 +0800
Started GET "/assets/application.self-b89234cf2659d7fedea75bca0b8d231ad7dfc2f3f57fcbaf5f44ed9dc384137b.js?body=1" for ::1 at 2016-05-29 16:41:44 +0800
Started GET "/assets/scaffolds.self-0895d1e62cab60b517b59c18e03c4f1bf535450491d38019017cf0d2215f28b4.css?body=1" for ::1 at 2016-05-29 16:41:44 +0800
Started GET "/assets/action_cable.self-97a1acc11db2782c1b61ce874bff887f64e903d3cb2b533eff50fb799c873c70.js?body=1" for ::1 at 2016-05-29 16:41:45 +0800
Started GET "/" for ::1 at 2016-05-29 17:09:37 +0800
  [1m[36mActiveRecord::SchemaMigration Load (0.6ms)[0m  [1m[34mSELECT "schema_migrations".* FROM "schema_migrations"[0m
Processing by Rails::WelcomeController#index as HTML
  Parameters: {"internal"=>true}
  Rendering /Users/kaelilo/.rvm/gems/ruby-2.2.2/gems/railties-5.0.0.rc1/lib/rails/templates/rails/welcome/index.html.erb
  Rendered /Users/kaelilo/.rvm/gems/ruby-2.2.2/gems/railties-5.0.0.rc1/lib/rails/templates/rails/welcome/index.html.erb (5.3ms)
Completed 200 OK in 28ms (Views: 13.9ms | ActiveRecord: 0.0ms)


Started GET "/posts" for ::1 at 2016-05-29 17:09:43 +0800
Processing by PostsController#index as HTML
  Rendering posts/index.html.erb within layouts/application
  [1m[36mPost Load (0.5ms)[0m  [1m[34mSELECT "posts".* FROM "posts"[0m
  Rendered posts/index.html.erb within layouts/application (15.3ms)
Completed 200 OK in 315ms (Views: 308.1ms | ActiveRecord: 1.3ms)


Started GET "/posts/1/edit" for ::1 at 2016-05-29 17:10:04 +0800
Processing by PostsController#edit as HTML
  Parameters: {"id"=>"1"}
  [1m[36mPost Load (0.3ms)[0m  [1m[34mSELECT  "posts".* FROM "posts" WHERE "posts"."id" = ? LIMIT ?[0m  [["id", 1], ["LIMIT", 1]]
  Rendering posts/edit.html.erb within layouts/application
  Rendered posts/_form.html.erb (40.4ms)
  Rendered posts/edit.html.erb within layouts/application (44.6ms)
Completed 200 OK in 88ms (Views: 73.2ms | ActiveRecord: 0.3ms)


Started PATCH "/posts/1" for ::1 at 2016-05-29 17:10:13 +0800
Processing by PostsController#update as HTML
  Parameters: {"utf8"=>"✓", "authenticity_token"=>"Zdqqy5AMMXFqQ31wFwItdIw9j0X8SMzIPHjC5nb0PtY7aP0Jt3mmNTJrwavVcyENh9q0eUeHA6gU4M+NYudpsQ==", "post"=>{"title"=>"Hello World", "subtitle"=>"This is a test post", "content"=>"1234", "author"=>"Me", "category"=>"Page"}, "commit"=>"Update Post", "id"=>"1"}
  [1m[36mPost Load (0.1ms)[0m  [1m[34mSELECT  "posts".* FROM "posts" WHERE "posts"."id" = ? LIMIT ?[0m  [["id", 1], ["LIMIT", 1]]
  [1m[35m (0.1ms)[0m  [1m[36mbegin transaction[0m
  [1m[35mSQL (0.6ms)[0m  [1m[33mUPDATE "posts" SET "content" = ?, "updated_at" = ? WHERE "posts"."id" = ?[0m  [["content", "1234"], ["updated_at", 2016-05-29 09:10:13 UTC], ["id", 1]]
  [1m[35m (3.8ms)[0m  [1m[36mcommit transaction[0m
Redirected to http://localhost:3000/posts/1
Completed 302 Found in 11ms (ActiveRecord: 4.7ms)


Started GET "/posts/1" for ::1 at 2016-05-29 17:10:13 +0800
Processing by PostsController#show as HTML
  Parameters: {"id"=>"1"}
  [1m[36mPost Load (0.2ms)[0m  [1m[34mSELECT  "posts".* FROM "posts" WHERE "posts"."id" = ? LIMIT ?[0m  [["id", 1], ["LIMIT", 1]]
  Rendering posts/show.html.erb within layouts/application
  Rendered posts/show.html.erb within layouts/application (1.2ms)
Completed 200 OK in 34ms (Views: 30.5ms | ActiveRecord: 0.2ms)


Started GET "/posts/1/edit" for ::1 at 2016-05-29 17:11:34 +0800
Processing by PostsController#edit as HTML
  Parameters: {"id"=>"1"}
  [1m[36mPost Load (0.2ms)[0m  [1m[34mSELECT  "posts".* FROM "posts" WHERE "posts"."id" = ? LIMIT ?[0m  [["id", 1], ["LIMIT", 1]]
  Rendering posts/edit.html.erb within layouts/application
  Rendered posts/_form.html.erb (6.8ms)
  Rendered posts/edit.html.erb within layouts/application (10.2ms)
Completed 200 OK in 61ms (Views: 55.7ms | ActiveRecord: 0.2ms)


Started PATCH "/posts/1" for ::1 at 2016-05-29 17:11:41 +0800
Processing by PostsController#update as HTML
  Parameters: {"utf8"=>"✓", "authenticity_token"=>"gvdOxz0Xqe7PGJUVtBRkf6UodMVI+jgLGF2hbbl+0DTcRRkFGmI+qpcwKc52ZWgGrs9P+fM192swxawGrW2HUw==", "post"=>{"title"=>"Hello World", "subtitle"=>"This is a test post", "content"=>"<p>\r\n      1234. weraefgmdslfjashfudjncjm,znjladifhdi</p>", "author"=>"Me", "category"=>"Page"}, "commit"=>"Update Post", "id"=>"1"}
  [1m[36mPost Load (0.1ms)[0m  [1m[34mSELECT  "posts".* FROM "posts" WHERE "posts"."id" = ? LIMIT ?[0m  [["id", 1], ["LIMIT", 1]]
  [1m[35m (0.1ms)[0m  [1m[36mbegin transaction[0m
  [1m[35mSQL (0.5ms)[0m  [1m[33mUPDATE "posts" SET "content" = ?, "updated_at" = ? WHERE "posts"."id" = ?[0m  [["content", "<p>\r\n      1234. weraefgmdslfjashfudjncjm,znjladifhdi</p>"], ["updated_at", 2016-05-29 09:11:41 UTC], ["id", 1]]
  [1m[35m (2.5ms)[0m  [1m[36mcommit transaction[0m
Redirected to http://localhost:3000/posts/1
Completed 302 Found in 8ms (ActiveRecord: 3.2ms)


Started GET "/posts/1" for ::1 at 2016-05-29 17:11:41 +0800
Processing by PostsController#show as HTML
  Parameters: {"id"=>"1"}
  [1m[36mPost Load (0.2ms)[0m  [1m[34mSELECT  "posts".* FROM "posts" WHERE "posts"."id" = ? LIMIT ?[0m  [["id", 1], ["LIMIT", 1]]
  Rendering posts/show.html.erb within layouts/application
  Rendered posts/show.html.erb within layouts/application (1.1ms)
Completed 200 OK in 31ms (Views: 27.8ms | ActiveRecord: 0.2ms)


Started GET "/posts/1/edit" for ::1 at 2016-05-29 17:12:57 +0800
Processing by PostsController#edit as HTML
  Parameters: {"id"=>"1"}
  [1m[36mPost Load (0.2ms)[0m  [1m[34mSELECT  "posts".* FROM "posts" WHERE "posts"."id" = ? LIMIT ?[0m  [["id", 1], ["LIMIT", 1]]
  Rendering posts/edit.html.erb within layouts/application
  Rendered posts/_form.html.erb (5.8ms)
  Rendered posts/edit.html.erb within layouts/application (9.1ms)
Completed 200 OK in 58ms (Views: 54.0ms | ActiveRecord: 0.2ms)


Started PATCH "/posts/1" for ::1 at 2016-05-29 17:13:05 +0800
Processing by PostsController#update as HTML
  Parameters: {"utf8"=>"✓", "authenticity_token"=>"z+xOGf7qlBCLCnpcctMf/sTGXHuoFo4SY3UOAOYqjLyRXhnb2Z8DVNMixoewohOHzyFnRxPZQXJL7QNr8jnb2w==", "post"=>{"title"=>"Hello World", "subtitle"=>"This is a test post", "content"=>"<p>\r\n      &lt;p&gt;\r\n      1234. weraefgmdslfjashfudjncjm,znjladifhdi fdksa;jdipouwqerjdnkvbhfluaiwoeuislcnbjkbdvuilqowgdjhbcdnbfqwlwdgcudyfw&lt;/p&gt;\r\n    </p>", "author"=>"Me", "category"=>"Page"}, "commit"=>"Update Post", "id"=>"1"}
  [1m[36mPost Load (0.2ms)[0m  [1m[34mSELECT  "posts".* FROM "posts" WHERE "posts"."id" = ? LIMIT ?[0m  [["id", 1], ["LIMIT", 1]]
  [1m[35m (0.1ms)[0m  [1m[36mbegin transaction[0m
  [1m[35mSQL (0.5ms)[0m  [1m[33mUPDATE "posts" SET "content" = ?, "updated_at" = ? WHERE "posts"."id" = ?[0m  [["content", "<p>\r\n      &lt;p&gt;\r\n      1234. weraefgmdslfjashfudjncjm,znjladifhdi fdksa;jdipouwqerjdnkvbhfluaiwoeuislcnbjkbdvuilqowgdjhbcdnbfqwlwdgcudyfw&lt;/p&gt;\r\n    </p>"], ["updated_at", 2016-05-29 09:13:05 UTC], ["id", 1]]
  [1m[35m (2.3ms)[0m  [1m[36mcommit transaction[0m
Redirected to http://localhost:3000/posts/1
Completed 302 Found in 9ms (ActiveRecord: 3.0ms)


Started GET "/posts/1" for ::1 at 2016-05-29 17:13:05 +0800
Processing by PostsController#show as HTML
  Parameters: {"id"=>"1"}
  [1m[36mPost Load (0.2ms)[0m  [1m[34mSELECT  "posts".* FROM "posts" WHERE "posts"."id" = ? LIMIT ?[0m  [["id", 1], ["LIMIT", 1]]
  Rendering posts/show.html.erb within layouts/application
  Rendered posts/show.html.erb within layouts/application (1.1ms)
Completed 200 OK in 58ms (Views: 54.4ms | ActiveRecord: 0.2ms)


Started GET "/posts/1" for ::1 at 2016-05-29 17:13:35 +0800
Processing by PostsController#show as HTML
  Parameters: {"id"=>"1"}
  [1m[36mPost Load (0.2ms)[0m  [1m[34mSELECT  "posts".* FROM "posts" WHERE "posts"."id" = ? LIMIT ?[0m  [["id", 1], ["LIMIT", 1]]
  Rendering posts/show.html.erb within layouts/application
  Rendered posts/show.html.erb within layouts/application (1.1ms)
Completed 200 OK in 39ms (Views: 35.8ms | ActiveRecord: 0.2ms)


Started GET "/assets/posts.self-e3b0c44298fc1c149afbf4c8996fb92427ae41e4649b934ca495991b7852b855.css?body=1" for ::1 at 2016-05-29 17:13:35 +0800
Started GET "/assets/scaffolds.self-0895d1e62cab60b517b59c18e03c4f1bf535450491d38019017cf0d2215f28b4.css?body=1" for ::1 at 2016-05-29 17:13:35 +0800
Started GET "/assets/application.self-af04b226fd7202dfc532ce7aedb95a0128277937e90d3b3a3d35e1cce9e16886.css?body=1" for ::1 at 2016-05-29 17:13:35 +0800
Started GET "/assets/jquery.self-660adc51e0224b731d29f575a6f1ec167ba08ad06ed5deca4f1e8654c135bf4c.js?body=1" for ::1 at 2016-05-29 17:13:35 +0800
Started GET "/assets/turbolinks.self-ff1d37d088bcba87ddd5a9edcbdbf45f1103309d3785dfd2324d668bde626e5d.js?body=1" for ::1 at 2016-05-29 17:13:35 +0800
Started GET "/assets/cable.self-6e0514260c1aa76eaf252412ce74e63f68819fd19bf740595f592c5ba4c36537.js?body=1" for ::1 at 2016-05-29 17:13:35 +0800
Started GET "/assets/application.self-b89234cf2659d7fedea75bca0b8d231ad7dfc2f3f57fcbaf5f44ed9dc384137b.js?body=1" for ::1 at 2016-05-29 17:13:35 +0800
Started GET "/assets/posts.self-877aef30ae1b040ab8a3aba4e3e309a11d7f2612f44dde450b5c157aa5f95c05.js?body=1" for ::1 at 2016-05-29 17:13:35 +0800
Started GET "/assets/action_cable.self-97a1acc11db2782c1b61ce874bff887f64e903d3cb2b533eff50fb799c873c70.js?body=1" for ::1 at 2016-05-29 17:13:35 +0800
Started GET "/assets/jquery_ujs.self-e87806d0cf4489aeb1bb7288016024e8de67fd18db693fe026fe3907581e53cd.js?body=1" for ::1 at 2016-05-29 17:13:36 +0800
Started GET "/posts/1/edit" for ::1 at 2016-05-29 17:13:37 +0800
Processing by PostsController#edit as HTML
  Parameters: {"id"=>"1"}
  [1m[36mPost Load (0.6ms)[0m  [1m[34mSELECT  "posts".* FROM "posts" WHERE "posts"."id" = ? LIMIT ?[0m  [["id", 1], ["LIMIT", 1]]
  Rendering posts/edit.html.erb within layouts/application
  Rendered posts/_form.html.erb (6.4ms)
  Rendered posts/edit.html.erb within layouts/application (11.3ms)
Completed 200 OK in 63ms (Views: 56.3ms | ActiveRecord: 0.6ms)


Started PATCH "/posts/1" for ::1 at 2016-05-29 17:13:57 +0800
Processing by PostsController#update as HTML
  Parameters: {"utf8"=>"✓", "authenticity_token"=>"NSdYfnFPg80DtXwUXBnuJGJffTPJ++HF/r1+2c6OIJ9rlQ+8VjoUiVudwM+eaOJdabhGD3I0LqXWJXOy2p13+A==", "post"=>{"title"=>"Hello World", "subtitle"=>"This is a test post", "content"=>"\r\n      <p>1234. weraefgmdslfjashfudjncjm<b>,znjladifhdi fdksa</b>;jdipouw</p><p>qerjdnkvbhfluaiwoeuislcnbjkbdvuilqowgdjhbcdnbfqwlwdgcudyfw</p>\r\n    ", "author"=>"Me", "category"=>"Page"}, "commit"=>"Update Post", "id"=>"1"}
  [1m[36mPost Load (0.2ms)[0m  [1m[34mSELECT  "posts".* FROM "posts" WHERE "posts"."id" = ? LIMIT ?[0m  [["id", 1], ["LIMIT", 1]]
  [1m[35m (0.2ms)[0m  [1m[36mbegin transaction[0m
  [1m[35mSQL (0.4ms)[0m  [1m[33mUPDATE "posts" SET "content" = ?, "updated_at" = ? WHERE "posts"."id" = ?[0m  [["content", "\r\n      <p>1234. weraefgmdslfjashfudjncjm<b>,znjladifhdi fdksa</b>;jdipouw</p><p>qerjdnkvbhfluaiwoeuislcnbjkbdvuilqowgdjhbcdnbfqwlwdgcudyfw</p>\r\n    "], ["updated_at", 2016-05-29 09:13:57 UTC], ["id", 1]]
  [1m[35m (0.9ms)[0m  [1m[36mcommit transaction[0m
Redirected to http://localhost:3000/posts/1
Completed 302 Found in 9ms (ActiveRecord: 1.7ms)


Started GET "/posts/1" for ::1 at 2016-05-29 17:13:57 +0800
Processing by PostsController#show as HTML
  Parameters: {"id"=>"1"}
  [1m[36mPost Load (0.6ms)[0m  [1m[34mSELECT  "posts".* FROM "posts" WHERE "posts"."id" = ? LIMIT ?[0m  [["id", 1], ["LIMIT", 1]]
  Rendering posts/show.html.erb within layouts/application
  Rendered posts/show.html.erb within layouts/application (1.1ms)
Completed 200 OK in 46ms (Views: 41.3ms | ActiveRecord: 0.6ms)


Started GET "/posts/1/edit" for ::1 at 2016-05-29 17:13:59 +0800
Processing by PostsController#edit as HTML
  Parameters: {"id"=>"1"}
  [1m[36mPost Load (0.8ms)[0m  [1m[34mSELECT  "posts".* FROM "posts" WHERE "posts"."id" = ? LIMIT ?[0m  [["id", 1], ["LIMIT", 1]]
  Rendering posts/edit.html.erb within layouts/application
  Rendered posts/_form.html.erb (5.5ms)
  Rendered posts/edit.html.erb within layouts/application (9.9ms)
Completed 200 OK in 59ms (Views: 52.1ms | ActiveRecord: 0.8ms)


